1
/project/salmonella/RBPPred
/project/salmonella/RBPPred
excute secondary structure and solvent accessibility prediction...
excute psiblast for PSSM profile...
start RBPs prediction...
feature encoding...
feature selection...
RNA-binding proteins predicting...
RBPs prediction finished

real	33m56.168s
user	19m21.804s
sys	0m2.824s
50
/project/salmonella/RBPPred
/project/salmonella/RBPPred
excute secondary structure and solvent accessibility prediction...
excute psiblast for PSSM profile...
start RBPs prediction...
feature encoding...
feature selection...
RNA-binding proteins predicting...
RBPs prediction finished

real	919m0.610s
user	524m2.840s
sys	0m38.886s
100
/project/salmonella/RBPPred
/project/salmonella/RBPPred
excute secondary structure and solvent accessibility prediction...
excute psiblast for PSSM profile...
start RBPs prediction...
feature encoding...
feature selection...
RNA-binding proteins predicting...
RBPs prediction finished

real	2027m35.020s
user	1052m55.690s
sys	1m15.045s
150
/project/salmonella/RBPPred
/project/salmonella/RBPPred
excute secondary structure and solvent accessibility prediction...
excute psiblast for PSSM profile...
start RBPs prediction...
feature encoding...
feature selection...
RNA-binding proteins predicting...
RBPs prediction finished

real	3492m19.233s
user	1762m4.941s
sys	1m55.931s
200
/project/salmonella/RBPPred
/project/salmonella/RBPPred
excute secondary structure and solvent accessibility prediction...
excute psiblast for PSSM profile...
start RBPs prediction...
feature encoding...
feature selection...
RNA-binding proteins predicting...
RBPs prediction finished

real	4419m19.092s
user	2328m58.896s
sys	4m55.399s
250
/project/salmonella/RBPPred
/project/salmonella/RBPPred
excute secondary structure and solvent accessibility prediction...
excute psiblast for PSSM profile...
start RBPs prediction...
feature encoding...
feature selection...
RNA-binding proteins predicting...
RBPs prediction finished

real	5020m32.975s
user	2692m3.379s
sys	3m20.939s
