1
Warning message:
no function found corresponding to methods exports from ‘XVector’ for: ‘concatenateObjects’ 
[1] "read prediction file"
[1] "predict"
[1] "write prediction output table"
[1] "./temp/TriPepSVM.-.Training/runtime_1.TriPepSVM.pred.txt"

real	0m5.673s
user	0m4.857s
sys	0m0.321s
50
Warning message:
no function found corresponding to methods exports from ‘XVector’ for: ‘concatenateObjects’ 
[1] "read prediction file"
[1] "predict"
[1] "write prediction output table"
[1] "./temp/TriPepSVM.-.Training/runtime_50.TriPepSVM.pred.txt"

real	0m5.131s
user	0m4.923s
sys	0m0.194s
100
Warning message:
no function found corresponding to methods exports from ‘XVector’ for: ‘concatenateObjects’ 
[1] "read prediction file"
[1] "predict"
[1] "write prediction output table"
[1] "./temp/TriPepSVM.-.Training/runtime_100.TriPepSVM.pred.txt"

real	0m5.138s
user	0m4.910s
sys	0m0.213s
150
Warning message:
no function found corresponding to methods exports from ‘XVector’ for: ‘concatenateObjects’ 
[1] "read prediction file"
[1] "predict"
[1] "write prediction output table"
[1] "./temp/TriPepSVM.-.Training/runtime_150.TriPepSVM.pred.txt"

real	0m5.560s
user	0m5.297s
sys	0m0.241s
200
Warning message:
no function found corresponding to methods exports from ‘XVector’ for: ‘concatenateObjects’ 
[1] "read prediction file"
[1] "predict"
[1] "write prediction output table"
[1] "./temp/TriPepSVM.-.Training/runtime_200.TriPepSVM.pred.txt"

real	0m5.159s
user	0m4.902s
sys	0m0.243s
250
Warning message:
no function found corresponding to methods exports from ‘XVector’ for: ‘concatenateObjects’ 
[1] "read prediction file"
[1] "predict"
[1] "write prediction output table"
[1] "./temp/TriPepSVM.-.Training/runtime_250.TriPepSVM.pred.txt"

real	0m5.312s
user	0m4.930s
sys	0m0.213s
